<?xml version="1.0" encoding="UTF-8"?>
<coverage generated="1782202822941" clover="3.2.0">
  <project timestamp="1782202822942" name="All files">
    <metrics statements="4" coveredstatements="4" conditionals="0" coveredconditionals="0" methods="2" coveredmethods="2" elements="6" coveredelements="6" complexity="0" loc="4" ncloc="4" packages="1" files="1" classes="1"/>
    <file name="InventoryMonitoringInterface.jsx" path="C:\Users\Iladio\OneDrive\Documents\All Activity\Summer Class\Testin_week1_2\frontend\src\components\InventoryMonitoringInterface.jsx">
      <metrics statements="4" coveredstatements="4" conditionals="0" coveredconditionals="0" methods="2" coveredmethods="2"/>
      <line num="2" count="9" type="stmt"/>
      <line num="35" count="9" type="stmt"/>
      <line num="55" count="27" type="stmt"/>
      <line num="57" count="27" type="stmt"/>
    </file>
  </project>
</coverage>
