{"C:\\Users\\Iladio\\OneDrive\\Documents\\All Activity\\Summer Class\\Testin_week1_2\\frontend\\src\\components\\InventoryMonitoringInterface.jsx": {"path":"C:\\Users\\Iladio\\OneDrive\\Documents\\All Activity\\Summer Class\\Testin_week1_2\\frontend\\src\\components\\InventoryMonitoringInterface.jsx","statementMap":{"0":{"start":{"line":2,"column":24},"end":{"line":33,"column":null}},"1":{"start":{"line":35,"column":2},"end":{"line":72,"column":null}},"2":{"start":{"line":55,"column":32},"end":{"line":55,"column":null}},"3":{"start":{"line":57,"column":12},"end":{"line":67,"column":null}}},"fnMap":{"0":{"name":"InventoryMonitoringInterface","decl":{"start":{"line":1,"column":24},"end":{"line":1,"column":55}},"loc":{"start":{"line":1,"column":55},"end":{"line":74,"column":null}},"line":1},"1":{"name":"(anonymous_1)","decl":{"start":{"line":54,"column":25},"end":{"line":54,"column":30}},"loc":{"start":{"line":54,"column":39},"end":{"line":69,"column":11}},"line":54}},"branchMap":{},"s":{"0":9,"1":9,"2":27,"3":27},"f":{"0":9,"1":27},"b":{},"meta":{"lastBranch":0,"lastFunction":2,"lastStatement":4,"seen":{"f:1:24:1:55":0,"s:2:24:33:Infinity":0,"s:35:2:72:Infinity":1,"f:54:25:54:30":1,"s:55:32:55:Infinity":2,"s:57:12:67:Infinity":3},"fnNames":{}}}
}
