{"numTotalTestSuites":7,"numPassedTestSuites":0,"numFailedTestSuites":7,"numPendingTestSuites":0,"numTotalTests":0,"numPassedTests":0,"numFailedTests":0,"numPendingTests":0,"numTodoTests":0,"snapshot":{"added":0,"failure":false,"filesAdded":0,"filesRemoved":0,"filesRemovedList":[],"filesUnmatched":0,"filesUpdated":0,"matched":0,"total":0,"unchecked":0,"uncheckedKeysByFile":[],"unmatched":0,"updated":0,"didUpdate":false},"startTime":1784102637247,"success":false,"testResults":[{"assertionResults":[],"startTime":1784102637247,"endTime":1784102637247,"status":"failed","message":"Cannot read properties of undefined (reading 'config')","name":"c:/Users/BatStateU/Projects/GasNet/backend/test/supabase-crud/branchesCrud.test.js"},{"assertionResults":[],"startTime":1784102637247,"endTime":1784102637247,"status":"failed","message":"Cannot read properties of undefined (reading 'config')","name":"c:/Users/BatStateU/Projects/GasNet/backend/test/supabase-crud/branchProductPricesCrud.test.js"},{"assertionResults":[],"startTime":1784102637247,"endTime":1784102637247,"status":"failed","message":"Cannot read properties of undefined (reading 'config')","name":"c:/Users/BatStateU/Projects/GasNet/backend/test/supabase-crud/branchStockCrud.test.js"},{"assertionResults":[],"startTime":1784102637247,"endTime":1784102637247,"status":"failed","message":"Cannot read properties of undefined (reading 'config')","name":"c:/Users/BatStateU/Projects/GasNet/backend/test/supabase-crud/deliveriesCrud.test.js"},{"assertionResults":[],"startTime":1784102637247,"endTime":1784102637247,"status":"failed","message":"Cannot read properties of undefined (reading 'config')","name":"c:/Users/BatStateU/Projects/GasNet/backend/test/supabase-crud/productsCrud.test.js"},{"assertionResults":[],"startTime":1784102637247,"endTime":1784102637247,"status":"failed","message":"Cannot read properties of undefined (reading 'config')","name":"c:/Users/BatStateU/Projects/GasNet/backend/test/supabase-crud/salesTransactionsCrud.test.js"},{"assertionResults":[],"startTime":1784102637247,"endTime":1784102637247,"status":"failed","message":"Cannot read properties of undefined (reading 'config')","name":"c:/Users/BatStateU/Projects/GasNet/backend/test/supabase-crud/staffCrud.test.js"}]}